\BOOKMARK [0][]{chapter*.1}{Abstract}{}% 1
\BOOKMARK [0][]{chapter*.2}{Resume}{}% 2
\BOOKMARK [0][]{chapter*.3}{Preface}{}% 3
\BOOKMARK [0][]{chapter*.4}{Acknowledgements}{}% 4
\BOOKMARK [0][]{section*.5}{Contents}{}% 5
\BOOKMARK [0][]{chapter.1}{1\040Introduction}{}% 6
\BOOKMARK [1][]{section.1.1}{1.1\040Reading\040Guide}{chapter.1}% 7
\BOOKMARK [0][]{chapter.2}{2\040Fingerprints\040in\040Compressed\040Strings}{}% 8
\BOOKMARK [1][]{section.2.1}{2.1\040Introduction}{chapter.2}% 9
\BOOKMARK [1][]{section.2.2}{2.2\040Preliminaries}{chapter.2}% 10
\BOOKMARK [1][]{section.2.3}{2.3\040Basic\040fingerprint\040queries\040in\040SLPs}{chapter.2}% 11
\BOOKMARK [1][]{section.2.4}{2.4\040Faster\040fingerprints\040in\040SLPs}{chapter.2}% 12
\BOOKMARK [1][]{section.2.5}{2.5\040Faster\040fingerprints\040in\040Linear\040SLPs}{chapter.2}% 13
\BOOKMARK [1][]{section.2.6}{2.6\040Finger\040fingerprints\040in\040Linear\040SLPs}{chapter.2}% 14
\BOOKMARK [1][]{section.2.7}{2.7\040Longest\040Common\040Extensions\040in\040Compressed\040Strings}{chapter.2}% 15
\BOOKMARK [0][]{chapter.3}{3\040Output-Sensitive\040Pattern\040Extraction\040in\040Sequences}{}% 16
\BOOKMARK [1][]{section.3.1}{3.1\040Introduction}{chapter.3}% 17
\BOOKMARK [1][]{section.3.2}{3.2\040Preliminaries}{chapter.3}% 18
\BOOKMARK [1][]{section.3.3}{3.3\040Motif\040Tries\040and\040Pattern\040Extraction}{chapter.3}% 19
\BOOKMARK [1][]{section.3.4}{3.4\040Building\040Motif\040Tries}{chapter.3}% 20
\BOOKMARK [1][]{section.3.5}{3.5\040Implementing\040Generate\(u\)}{chapter.3}% 21
\BOOKMARK [0][]{chapter.4}{4\040Compressed\040Data\040Structures\040for\040Range\040Searching}{}% 22
\BOOKMARK [1][]{section.4.1}{4.1\040Introduction}{chapter.4}% 23
\BOOKMARK [1][]{section.4.2}{4.2\040Canonical\040Range\040Searching\040Data\040Structures}{chapter.4}% 24
\BOOKMARK [1][]{section.4.3}{4.3\040Compressed\040Canonical\040Range\040Searching}{chapter.4}% 25
\BOOKMARK [1][]{section.4.4}{4.4\040Similarity\040Clustering}{chapter.4}% 26
\BOOKMARK [1][]{section.4.5}{4.5\040Open\040Problems}{chapter.4}% 27
\BOOKMARK [0][]{chapter.5}{5\040Colored\040Range\040Searching\040in\040Linear\040Space}{}% 28
\BOOKMARK [1][]{section.5.1}{5.1\040Introduction}{chapter.5}% 29
\BOOKMARK [1][]{section.5.2}{5.2\040Colored\040Range\040Searching\040in\040Almost-Linear\040Space}{chapter.5}% 30
\BOOKMARK [1][]{section.5.3}{5.3\0402D\040Colored\040Range\040Searching\040in\040Linear\040Space}{chapter.5}% 31
\BOOKMARK [1][]{section.5.4}{5.4\040Dynamic\040Data\040Structures}{chapter.5}% 32
\BOOKMARK [1][]{section.5.5}{5.5\040Open\040Problems}{chapter.5}% 33
\BOOKMARK [0][]{chapter.6}{6\040Indexing\040Motion\040Detection\040Data\040for\040Surveillance\040Video}{}% 34
\BOOKMARK [1][]{section.6.1}{6.1\040Introduction}{chapter.6}% 35
\BOOKMARK [1][]{section.6.2}{6.2\040The\040Index}{chapter.6}% 36
\BOOKMARK [1][]{section.6.3}{6.3\040Experiments}{chapter.6}% 37
\BOOKMARK [1][]{section.6.4}{6.4\040Main\040Results}{chapter.6}% 38
\BOOKMARK [1][]{section.6.5}{6.5\040Other\040Results}{chapter.6}% 39
\BOOKMARK [1][]{section.6.6}{6.6\040Conclusion}{chapter.6}% 40
\BOOKMARK [0][]{chapter.7}{7\040Conclusion}{}% 41
\BOOKMARK [0][]{appendix.A}{A\040An\040Appendix}{}% 42
\BOOKMARK [0][]{section*.73}{Bibliography}{}% 43
